#
# There is insufficient memory for the Java Runtime Environment to continue.
# Native memory allocation (mmap) failed to map 257949696 bytes. Error detail: G1 virtual space
# Possible reasons:
#   The system is out of physical RAM or swap space
#   This process is running with CompressedOops enabled, and the Java Heap may be blocking the growth of the native heap
# Possible solutions:
#   Reduce memory load on the system
#   Increase physical memory or swap space
#   Check if swap backing store is full
#   Decrease Java heap size (-Xmx/-Xms)
#   Decrease number of Java threads
#   Decrease Java thread stack sizes (-Xss)
#   Set larger code cache with -XX:ReservedCodeCacheSize=
#   JVM is running with Zero Based Compressed Oops mode in which the Java heap is
#     placed in the first 32GB address space. The Java Heap base address is the
#     maximum limit for the native heap growth. Please use -XX:HeapBaseMinAddress
#     to set the Java Heap base and to place the Java Heap above 32GB virtual address.
# This output file may be truncated or incomplete.
#
#  Out of Memory Error (os_windows.cpp:3703), pid=21596, tid=2900
#
# JRE version:  (23.0.1+11) (build )
# Java VM: OpenJDK 64-Bit Server VM (23.0.1+11-39, mixed mode, sharing, tiered, compressed oops, compressed class ptrs, g1 gc, windows-amd64)
# No core dump will be written. Minidumps are not enabled by default on client versions of Windows
#

---------------  S U M M A R Y ------------

Command Line: --add-exports=java.base/java.lang=ALL-UNNAMED --add-exports=java.desktop/sun.awt=ALL-UNNAMED --add-exports=java.desktop/sun.java2d=ALL-UNNAMED -javaagent:C:\Users\aaaga\AppData\Local\Programs\IntelliJ IDEA Ultimate\lib\idea_rt.jar=55648 -Dfile.encoding=UTF-8 -Dsun.stdout.encoding=UTF-8 -Dsun.stderr.encoding=UTF-8 Main

Host: AMD Ryzen 5 PRO 4650U with Radeon Graphics, 12 cores, 15G,  Windows 11 , 64 bit Build 26100 (10.0.26100.4202)
Time: Tue Oct  7 01:53:47 2025 Egypt Summer Time elapsed time: 1.165563 seconds (0d 0h 0m 1s)

---------------  T H R E A D  ---------------

Current thread (0x000002bfc1b65720):  JavaThread "Unknown thread" [_thread_in_vm, id=2900, stack(0x000000fbf3d00000,0x000000fbf3e00000) (1024K)]

Stack: [0x000000fbf3d00000,0x000000fbf3e00000]
Native frames: (J=compiled Java code, j=interpreted, Vv=VM code, C=native code)
V  [jvm.dll+0x6e08b9]  (no source info available)
V  [jvm.dll+0x87dc83]  (no source info available)
V  [jvm.dll+0x88010e]  (no source info available)
V  [jvm.dll+0x8807e3]  (no source info available)
V  [jvm.dll+0x27aee6]  (no source info available)
V  [jvm.dll+0x6dd1c5]  (no source info available)
V  [jvm.dll+0x6d104a]  (no source info available)
V  [jvm.dll+0x35b3ea]  (no source info available)
V  [jvm.dll+0x3637f6]  (no source info available)
V  [jvm.dll+0x34fd5e]  (no source info available)
V  [jvm.dll+0x34fff8]  (no source info available)
V  [jvm.dll+0x3289cc]  (no source info available)
V  [jvm.dll+0x32966e]  (no source info available)
V  [jvm.dll+0x844355]  (no source info available)
V  [jvm.dll+0x3b9848]  (no source info available)
V  [jvm.dll+0x82d14c]  (no source info available)
V  [jvm.dll+0x454d4e]  (no source info available)
V  [jvm.dll+0x456bd1]  (no source info available)
C  [jli.dll+0x52a3]  (no source info available)
C  [ucrtbase.dll+0x37b0]  (no source info available)
C  [KERNEL32.DLL+0x2e8d7]  (no source info available)
C  [ntdll.dll+0x3c34c]  (no source info available)

Lock stack of current Java thread (top to bottom):


---------------  P R O C E S S  ---------------

Threads class SMR info:
_java_thread_list=0x00007fff56b03618, length=0, elements={
}

Java Threads: ( => current thread )
Total: 0

Other Threads:
  0x000002bfc3f71550 WorkerThread "GC Thread#0"                     [id=12228, stack(0x000000fbf3e00000,0x000000fbf3f00000) (1024K)]
  0x000002bfc3f85840 ConcurrentGCThread "G1 Main Marker"            [id=1532, stack(0x000000fbf3f00000,0x000000fbf4000000) (1024K)]
  0x000002bfc3f87270 WorkerThread "G1 Conc#0"                       [id=18000, stack(0x000000fbf4000000,0x000000fbf4100000) (1024K)]

[error occurred during error reporting (printing all threads), id 0xc0000005, EXCEPTION_ACCESS_VIOLATION (0xc0000005) at pc=0x00007fff5624bfba]
VM state: not at safepoint (not fully initialized)

VM Mutex/Monitor currently owned by a thread:  ([mutex/lock_event])
[0x00007fff56b83a10] Heap_lock - owner thread: 0x000002bfc1b65720

Heap address: 0x000000070aa00000, size: 3926 MB, Compressed Oops mode: Zero based, Oop shift amount: 3

CDS archive(s) mapped at: [0x0000000000000000-0x0000000000000000-0x0000000000000000), size 0, SharedBaseAddress: 0x0000000800000000, ArchiveRelocationMode: 1.
Narrow klass base: 0x0000000000000000, Narrow klass shift: 0, Narrow klass range: 0x0

GC Precious Log:
 CardTable entry size: 512
 Card Set container configuration: InlinePtr #cards 4 size 8 Array Of Cards #cards 16 size 48 Howl #buckets 8 coarsen threshold 3686 Howl Bitmap #cards 512 size 80 coarsen threshold 460 Card regions per heap region 1 cards per card region 4096

Heap:
 garbage-first heap   total reserved 4020224K, committed 0K, used 0K [0x000000070aa00000, 0x0000000800000000)
  region size 2048K, 0 young (0K), 0 survivors (0K)

[error occurred during error reporting (printing heap information), id 0xc0000005, EXCEPTION_ACCESS_VIOLATION (0xc0000005) at pc=0x00007fff5664c3c9]
GC Heap History (0 events):
No events

Dll operation events (1 events):
Event: 0.010 Loaded shared library C:\Users\aaaga\.jdks\openjdk-23.0.1\bin\java.dll

Deoptimization events (0 events):
No events

Classes loaded (0 events):
No events

Classes unloaded (0 events):
No events

Classes redefined (0 events):
No events

Internal exceptions (0 events):
No events

VM Operations (0 events):
No events

Memory protections (0 events):
No events

Nmethod flushes (0 events):
No events

Events (0 events):
No events


Dynamic libraries:
0x00007ff7b1dd0000 - 0x00007ff7b1dde000 	C:\Users\aaaga\.jdks\openjdk-23.0.1\bin\java.exe
0x00007fffcfde0000 - 0x00007fffd0045000 	C:\WINDOWS\SYSTEM32\ntdll.dll
0x00007fffcf090000 - 0x00007fffcf159000 	C:\WINDOWS\System32\KERNEL32.DLL
0x00007fffcd560000 - 0x00007fffcd948000 	C:\WINDOWS\System32\KERNELBASE.dll
0x00007fffccf30000 - 0x00007fffcd07b000 	C:\WINDOWS\System32\ucrtbase.dll
0x00007fffb0fa0000 - 0x00007fffb0fb7000 	C:\Users\aaaga\.jdks\openjdk-23.0.1\bin\jli.dll
0x00007fff9c0e0000 - 0x00007fff9c0fb000 	C:\Users\aaaga\.jdks\openjdk-23.0.1\bin\VCRUNTIME140.dll
0x00007fffcf7e0000 - 0x00007fffcf9aa000 	C:\WINDOWS\System32\USER32.dll
0x00007fffcdb50000 - 0x00007fffcdb77000 	C:\WINDOWS\System32\win32u.dll
0x00007fffb0050000 - 0x00007fffb02ea000 	C:\WINDOWS\WinSxS\amd64_microsoft.windows.common-controls_6595b64144ccf1df_6.0.26100.4202_none_3e0698d4e335f517\COMCTL32.dll
0x00007fffcfc40000 - 0x00007fffcfc6b000 	C:\WINDOWS\System32\GDI32.dll
0x00007fffceb30000 - 0x00007fffcebd9000 	C:\WINDOWS\System32\msvcrt.dll
0x00007fffcd950000 - 0x00007fffcda87000 	C:\WINDOWS\System32\gdi32full.dll
0x00007fffcd330000 - 0x00007fffcd3d3000 	C:\WINDOWS\System32\msvcp_win.dll
0x00007fffce560000 - 0x00007fffce590000 	C:\WINDOWS\System32\IMM32.DLL
0x00007fffc9930000 - 0x00007fffc993c000 	C:\Users\aaaga\.jdks\openjdk-23.0.1\bin\vcruntime140_1.dll
0x00007fff91e30000 - 0x00007fff91ebe000 	C:\Users\aaaga\.jdks\openjdk-23.0.1\bin\msvcp140.dll
0x00007fff55f10000 - 0x00007fff56c5f000 	C:\Users\aaaga\.jdks\openjdk-23.0.1\bin\server\jvm.dll
0x00007fffcea70000 - 0x00007fffceb23000 	C:\WINDOWS\System32\ADVAPI32.dll
0x00007fffcdc80000 - 0x00007fffcdd26000 	C:\WINDOWS\System32\sechost.dll
0x00007fffcfc70000 - 0x00007fffcfd85000 	C:\WINDOWS\System32\RPCRT4.dll
0x00007fffcf9b0000 - 0x00007fffcfa24000 	C:\WINDOWS\System32\WS2_32.dll
0x00007fffccd80000 - 0x00007fffccdde000 	C:\WINDOWS\SYSTEM32\POWRPROF.dll
0x00007fffc5120000 - 0x00007fffc512b000 	C:\WINDOWS\SYSTEM32\VERSION.dll
0x00007fffc3c90000 - 0x00007fffc3cc5000 	C:\WINDOWS\SYSTEM32\WINMM.dll
0x00007fffccd60000 - 0x00007fffccd74000 	C:\WINDOWS\SYSTEM32\UMPDC.dll
0x00007fffcbcb0000 - 0x00007fffcbccb000 	C:\WINDOWS\SYSTEM32\kernel.appcore.dll
0x00007fffc7a20000 - 0x00007fffc7a2a000 	C:\Users\aaaga\.jdks\openjdk-23.0.1\bin\jimage.dll
0x00007fffca540000 - 0x00007fffca781000 	C:\WINDOWS\SYSTEM32\DBGHELP.DLL
0x00007fffcf3a0000 - 0x00007fffcf725000 	C:\WINDOWS\System32\combase.dll
0x00007fffcfb30000 - 0x00007fffcfc11000 	C:\WINDOWS\System32\OLEAUT32.dll
0x00007fffb0f10000 - 0x00007fffb0f49000 	C:\WINDOWS\SYSTEM32\dbgcore.DLL
0x00007fffcd110000 - 0x00007fffcd1a9000 	C:\WINDOWS\System32\bcryptPrimitives.dll
0x00007fffbc410000 - 0x00007fffbc41f000 	C:\Users\aaaga\.jdks\openjdk-23.0.1\bin\instrument.dll
0x00007fff96d30000 - 0x00007fff96d4e000 	C:\Users\aaaga\.jdks\openjdk-23.0.1\bin\java.dll
0x00007fffce890000 - 0x00007fffcea2e000 	C:\WINDOWS\System32\ole32.dll
0x00007fffcdd30000 - 0x00007fffce472000 	C:\WINDOWS\System32\SHELL32.dll
0x00007fffcd1b0000 - 0x00007fffcd324000 	C:\WINDOWS\System32\wintypes.dll

dbghelp: loaded successfully - version: 4.0.5 - missing functions: none
symbol engine: initialized successfully - sym options: 0x614 - pdb path: .;C:\Users\aaaga\.jdks\openjdk-23.0.1\bin;C:\WINDOWS\SYSTEM32;C:\WINDOWS\WinSxS\amd64_microsoft.windows.common-controls_6595b64144ccf1df_6.0.26100.4202_none_3e0698d4e335f517;C:\Users\aaaga\.jdks\openjdk-23.0.1\bin\server

VM Arguments:
jvm_args: --add-exports=java.base/java.lang=ALL-UNNAMED --add-exports=java.desktop/sun.awt=ALL-UNNAMED --add-exports=java.desktop/sun.java2d=ALL-UNNAMED -javaagent:C:\Users\aaaga\AppData\Local\Programs\IntelliJ IDEA Ultimate\lib\idea_rt.jar=55648 -Dfile.encoding=UTF-8 -Dsun.stdout.encoding=UTF-8 -Dsun.stderr.encoding=UTF-8 
java_command: Main
java_class_path (initial): C:\Users\aaaga\IdeaProjects\cs304lab2\out\production\cs304lab2;D:\jogamp-all-platforms\jar\gluegen-rt.jar;D:\jogamp-all-platforms\jar\jogl-all.jar;D:\jogamp-all-platforms\jar\gluegen-rt-natives-windows-amd64.jar;D:\jogamp-all-platforms\jar\jogl-all-natives-windows-amd64.jar
Launcher Type: SUN_STANDARD

[Global flags]
     intx CICompilerCount                          = 4                                         {product} {ergonomic}
     uint ConcGCThreads                            = 3                                         {product} {ergonomic}
     uint G1ConcRefinementThreads                  = 10                                        {product} {ergonomic}
   size_t G1HeapRegionSize                         = 2097152                                   {product} {ergonomic}
   size_t InitialHeapSize                          = 257949696                                 {product} {ergonomic}
   size_t MarkStackSize                            = 4194304                                   {product} {ergonomic}
   size_t MarkStackSizeMax                         = 536870912                                 {product} {ergonomic}
   size_t MaxHeapSize                              = 4116709376                                {product} {ergonomic}
   size_t MinHeapDeltaBytes                        = 2097152                                   {product} {ergonomic}
   size_t MinHeapSize                              = 8388608                                   {product} {ergonomic}
    uintx NonNMethodCodeHeapSize                   = 5832704                                {pd product} {ergonomic}
    uintx NonProfiledCodeHeapSize                  = 122945536                              {pd product} {ergonomic}
    uintx ProfiledCodeHeapSize                     = 122880000                              {pd product} {ergonomic}
    uintx ReservedCodeCacheSize                    = 251658240                              {pd product} {ergonomic}
     bool SegmentedCodeCache                       = true                                      {product} {ergonomic}
   size_t SoftMaxHeapSize                          = 4116709376                             {manageable} {ergonomic}
     bool UseCompressedOops                        = true                           {product lp64_product} {ergonomic}
     bool UseG1GC                                  = true                                      {product} {ergonomic}
     bool UseLargePagesIndividualAllocation        = false                                  {pd product} {ergonomic}

Logging:
Log output configuration:
 #0: stdout all=warning uptime,level,tags foldmultilines=false
 #1: stderr all=off uptime,level,tags foldmultilines=false

Environment Variables:
JAVA_HOME=C:\Program Files\Eclipse Adoptium\jdk-21.0.5.11-hotspot
PATH=C:\app\aaaga\product\21c\dbhomeXE\bin;C:\Program Files\Eclipse Adoptium\jdk-21.0.5.11-hotspot\bin;C:\WINDOWS\system32;C:\WINDOWS;C:\WINDOWS\System32\Wbem;C:\WINDOWS\System32\WindowsPowerShell\v1.0\;C:\WINDOWS\System32\OpenSSH\;C:\Program Files\Git\cmd;C:\Program Files\dotnet\;C:\Program Files\nodejs\;C:\Program Files (x86)\Microsoft SQL Server\160\Tools\Binn\;C:\Program Files\Microsoft SQL Server\160\Tools\Binn\;C:\Program Files\Microsoft SQL Server\Client SDK\ODBC\170\Tools\Binn\;C:\Program Files\Microsoft SQL Server\160\DTS\Binn\;C:\Aldec\Active-HDL Student Edition\bin;C:\sqlcl\bin;C:\Users\aaaga\AppData\Local\Programs\Python\Launcher\;C:\Users\aaaga\AppData\Local\Microsoft\WindowsApps;C:\Users\aaaga\AppData\Local\JetBrains\Toolbox\scripts;C:\Users\aaaga\.dotnet\tools;C:\Users\aaaga\AppData\Local\Microsoft\WindowsApps;C:\Users\aaaga\AppData\Local\Programs\Microsoft VS Code\bin;C:\Users\aaaga\AppData\Roaming\npm;
USERNAME=aaaga
OS=Windows_NT
PROCESSOR_IDENTIFIER=AMD64 Family 23 Model 96 Stepping 1, AuthenticAMD
TMP=C:\Users\aaaga\AppData\Local\Temp
TEMP=C:\Users\aaaga\AppData\Local\Temp




Periodic native trim disabled

---------------  S Y S T E M  ---------------

OS:
 Windows 11 , 64 bit Build 26100 (10.0.26100.4202)
OS uptime: 0 days 11:13 hours
Hyper-V role detected

CPU: total 12 (initial active 12) (12 cores per cpu, 2 threads per core) family 23 model 96 stepping 1 microcode 0x8600106, cx8, cmov, fxsr, ht, mmx, 3dnowpref, sse, sse2, sse3, ssse3, sse4a, sse4.1, sse4.2, popcnt, lzcnt, tsc, tscinvbit, avx, avx2, aes, clmul, bmi1, bmi2, adx, sha, fma, vzeroupper, clflush, clflushopt, hv, rdtscp, rdpid, f16c
Processor Information for the first 12 processors :
  Max Mhz: 2100, Current Mhz: 2100, Mhz Limit: 2100

Memory: 4k page, system-wide physical 15697M (4100M free)
TotalPageFile size 17745M (AvailPageFile size 136M)
current process WorkingSet (physical memory assigned to process): 13M, peak: 13M
current process commit charge ("private bytes"): 65M, peak: 310M

vm_info: OpenJDK 64-Bit Server VM (23.0.1+11-39) for windows-amd64 JRE (23.0.1+11-39), built on 2024-09-30T07:20:43Z with MS VC++ 17.6 (VS2022)

END.
